
Jul 04, 2023 11:34:31.84 NEW SESSION
Jul 04, 2023 11:34:31.84 [3596:13908:0704/113431.838:ERROR:connection_factory_impl.cc(428)] Failed to connect to MCS endpoint with error -106
Jul 04, 2023 11:34:56.00 [3596:13908:0704/113456.002:ERROR:connection_factory_impl.cc(428)] Failed to connect to MCS endpoint with error -106
Jul 04, 2023 11:35:37.91 [3596:13908:0704/113537.915:ERROR:connection_factory_impl.cc(428)] Failed to connect to MCS endpoint with error -106

Jul 05, 2023 11:11:04.10 NEW SESSION
Jul 05, 2023 11:11:04.10 [12968:16628:0705/111104.100:ERROR:connection_factory_impl.cc(428)] Failed to connect to MCS endpoint with error -106
Jul 05, 2023 11:11:24.28 [12968:16628:0705/111124.283:ERROR:connection_factory_impl.cc(428)] Failed to connect to MCS endpoint with error -106
Jul 05, 2023 11:12:24.18 [12968:16628:0705/111224.188:ERROR:connection_factory_impl.cc(428)] Failed to connect to MCS endpoint with error -106
Jul 05, 2023 11:13:54.45 [12968:16628:0705/111354.454:ERROR:connection_factory_impl.cc(428)] Failed to connect to MCS endpoint with error -106
Jul 05, 2023 11:17:01.68 [12968:16628:0705/111701.689:ERROR:connection_factory_impl.cc(428)] Failed to connect to MCS endpoint with error -106
Jul 05, 2023 11:23:16.36 [12968:16628:0705/112316.369:ERROR:connection_factory_impl.cc(428)] Failed to connect to MCS endpoint with error -106
Jul 05, 2023 11:33:16.38 [12968:16628:0705/113316.388:ERROR:connection_factory_impl.cc(428)] Failed to connect to MCS endpoint with error -106
Jul 05, 2023 11:34:04.64 [11292:6696:0705/113404.647:ERROR:connection_factory_impl.cc(428)] Failed to connect to MCS endpoint with error -106
Jul 05, 2023 11:34:25.30 [11292:6696:0705/113425.304:ERROR:connection_factory_impl.cc(428)] Failed to connect to MCS endpoint with error -106
Jul 05, 2023 11:36:27.60 [9620:8816:0705/113627.602:ERROR:connection_factory_impl.cc(428)] Failed to connect to MCS endpoint with error -106
Jul 05, 2023 11:38:45.30 [9488:9764:0705/113845.301:ERROR:connection_factory_impl.cc(428)] Failed to connect to MCS endpoint with error -106
Jul 05, 2023 11:39:10.61 [9488:9764:0705/113910.613:ERROR:connection_factory_impl.cc(428)] Failed to connect to MCS endpoint with error -106
Jul 05, 2023 11:39:54.16 [9488:9764:0705/113954.164:ERROR:connection_factory_impl.cc(428)] Failed to connect to MCS endpoint with error -106
Jul 05, 2023 11:40:43.58 [8288:14168:0705/114043.580:ERROR:connection_factory_impl.cc(428)] Failed to connect to MCS endpoint with error -106
Jul 05, 2023 11:41:06.19 [8288:14168:0705/114106.190:ERROR:connection_factory_impl.cc(428)] Failed to connect to MCS endpoint with error -106
Jul 05, 2023 11:41:47.38 [8288:14168:0705/114147.381:ERROR:connection_factory_impl.cc(428)] Failed to connect to MCS endpoint with error -106
Jul 05, 2023 11:43:48.52 [11976:15992:0705/114348.527:ERROR:connection_factory_impl.cc(428)] Failed to connect to MCS endpoint with error -106
Jul 05, 2023 11:44:11.62 [11976:15992:0705/114411.627:ERROR:connection_factory_impl.cc(428)] Failed to connect to MCS endpoint with error -106

Jul 07, 2023 10:30:48.16 NEW SESSION
Jul 07, 2023 10:30:48.16 [7948:11040:0707/103048.162:ERROR:connection_factory_impl.cc(428)] Failed to connect to MCS endpoint with error -106
Jul 07, 2023 10:31:10.49 [7948:11040:0707/103110.490:ERROR:connection_factory_impl.cc(428)] Failed to connect to MCS endpoint with error -106
Jul 07, 2023 10:32:13.88 [15304:9436:0707/103213.884:ERROR:connection_factory_impl.cc(428)] Failed to connect to MCS endpoint with error -106
Jul 07, 2023 10:34:28.38 [14888:8732:0707/103428.381:ERROR:connection_factory_impl.cc(428)] Failed to connect to MCS endpoint with error -106
Jul 07, 2023 10:34:48.96 [14888:8732:0707/103448.967:ERROR:connection_factory_impl.cc(428)] Failed to connect to MCS endpoint with error -106
Jul 07, 2023 10:35:38.74 [14888:8732:0707/103538.739:ERROR:connection_factory_impl.cc(428)] Failed to connect to MCS endpoint with error -106
Jul 07, 2023 10:37:05.74 [14888:8732:0707/103705.745:ERROR:connection_factory_impl.cc(428)] Failed to connect to MCS endpoint with error -106

Jul 07, 2023 10:55:28.29 NEW SESSION
Jul 07, 2023 10:55:28.29 [17212:14568:0707/105528.289:ERROR:connection_factory_impl.cc(428)] Failed to connect to MCS endpoint with error -106
Jul 07, 2023 10:55:50.94 [17212:14568:0707/105550.945:ERROR:connection_factory_impl.cc(428)] Failed to connect to MCS endpoint with error -106
Jul 07, 2023 11:03:03.25 [9452:3444:0707/110303.257:ERROR:connection_factory_impl.cc(428)] Failed to connect to MCS endpoint with error -106
Jul 07, 2023 11:03:28.73 [9452:3444:0707/110328.737:ERROR:connection_factory_impl.cc(428)] Failed to connect to MCS endpoint with error -106
Jul 07, 2023 11:04:33.71 [5480:13216:0707/110433.713:ERROR:connection_factory_impl.cc(428)] Failed to connect to MCS endpoint with error -106
Jul 07, 2023 11:20:49.78 [14952:11056:0707/112049.785:ERROR:connection_factory_impl.cc(428)] Failed to connect to MCS endpoint with error -106
Jul 07, 2023 11:27:47.89 [15260:3532:0707/112747.890:ERROR:connection_factory_impl.cc(428)] Failed to connect to MCS endpoint with error -106
Jul 07, 2023 11:37:37.70 [11884:10688:0707/113737.698:ERROR:connection_factory_impl.cc(428)] Failed to connect to MCS endpoint with error -106
Jul 07, 2023 12:02:04.11 [16024:13532:0707/120204.117:ERROR:connection_factory_impl.cc(428)] Failed to connect to MCS endpoint with error -106
Jul 07, 2023 12:02:28.91 [16024:13532:0707/120228.910:ERROR:connection_factory_impl.cc(428)] Failed to connect to MCS endpoint with error -106
Jul 07, 2023 12:03:02.16 [9172:2648:0707/120302.167:ERROR:connection_factory_impl.cc(428)] Failed to connect to MCS endpoint with error -106

Jul 08, 2023 11:05:29.24 NEW SESSION
Jul 08, 2023 11:05:29.24 [11044:9788:0708/110529.235:ERROR:connection_factory_impl.cc(428)] Failed to connect to MCS endpoint with error -106
Jul 08, 2023 11:32:27.76 [5344:2100:0708/113227.762:ERROR:connection_factory_impl.cc(428)] Failed to connect to MCS endpoint with error -106
Jul 08, 2023 11:32:55.41 [5344:2100:0708/113255.413:ERROR:connection_factory_impl.cc(428)] Failed to connect to MCS endpoint with error -106
Jul 08, 2023 11:33:36.47 [5344:2100:0708/113336.477:ERROR:connection_factory_impl.cc(428)] Failed to connect to MCS endpoint with error -106

Jul 10, 2023 07:49:26.01 NEW SESSION
Jul 10, 2023 07:49:26.01 [824:13072:0710/074926.007:ERROR:connection_factory_impl.cc(428)] Failed to connect to MCS endpoint with error -106
Jul 10, 2023 07:49:46.92 [824:13072:0710/074946.922:ERROR:connection_factory_impl.cc(428)] Failed to connect to MCS endpoint with error -106
Jul 10, 2023 07:50:45.10 [824:13072:0710/075045.101:ERROR:connection_factory_impl.cc(428)] Failed to connect to MCS endpoint with error -106
Jul 10, 2023 07:52:32.12 [824:13072:0710/075232.128:ERROR:connection_factory_impl.cc(428)] Failed to connect to MCS endpoint with error -106
Jul 10, 2023 07:58:39.98 [8044:10468:0710/075839.984:ERROR:connection_factory_impl.cc(428)] Failed to connect to MCS endpoint with error -106
Jul 10, 2023 07:59:09.37 [8044:10468:0710/075909.371:ERROR:connection_factory_impl.cc(428)] Failed to connect to MCS endpoint with error -106
Jul 10, 2023 08:00:06.77 [8044:10468:0710/080006.778:ERROR:connection_factory_impl.cc(428)] Failed to connect to MCS endpoint with error -106

Jul 10, 2023 12:34:59.78 NEW SESSION
Jul 10, 2023 12:34:59.78 [9744:6920:0710/123459.777:ERROR:interface_endpoint_client.cc(697)] Message 1 rejected by interface blink.mojom.WidgetHost

Jul 11, 2023 06:31:36.10 NEW SESSION
Jul 11, 2023 06:31:36.10 [14864:12292:0711/063136.099:ERROR:connection_factory_impl.cc(428)] Failed to connect to MCS endpoint with error -106
Jul 11, 2023 06:32:00.39 [14864:12292:0711/063200.393:ERROR:connection_factory_impl.cc(428)] Failed to connect to MCS endpoint with error -106
Jul 11, 2023 06:32:43.39 [14864:12292:0711/063243.397:ERROR:connection_factory_impl.cc(428)] Failed to connect to MCS endpoint with error -106
Jul 11, 2023 06:34:14.38 [14864:12292:0711/063414.388:ERROR:connection_factory_impl.cc(428)] Failed to connect to MCS endpoint with error -106
Jul 11, 2023 06:37:55.42 [14864:12292:0711/063755.424:ERROR:connection_factory_impl.cc(428)] Failed to connect to MCS endpoint with error -106
Jul 11, 2023 06:44:52.08 [14864:12292:0711/064452.084:ERROR:connection_factory_impl.cc(428)] Failed to connect to MCS endpoint with error -106
Jul 11, 2023 06:56:06.15 [8000:12520:0711/065606.153:ERROR:connection_factory_impl.cc(428)] Failed to connect to MCS endpoint with error -106
Jul 11, 2023 06:56:29.47 [8000:12520:0711/065629.472:ERROR:connection_factory_impl.cc(428)] Failed to connect to MCS endpoint with error -106
Jul 11, 2023 06:59:13.25 [11560:13668:0711/065913.259:ERROR:connection_factory_impl.cc(428)] Failed to connect to MCS endpoint with error -106
Jul 11, 2023 07:01:12.53 [13592:9780:0711/070112.536:ERROR:connection_factory_impl.cc(428)] Failed to connect to MCS endpoint with error -106
Jul 11, 2023 07:01:35.12 [13592:9780:0711/070135.121:ERROR:connection_factory_impl.cc(428)] Failed to connect to MCS endpoint with error -106
Jul 11, 2023 07:02:25.35 [14572:11984:0711/070225.353:ERROR:connection_factory_impl.cc(428)] Failed to connect to MCS endpoint with error -106
Jul 11, 2023 07:04:12.61 [11992:14980:0711/070412.616:ERROR:connection_factory_impl.cc(428)] Failed to connect to MCS endpoint with error -106
Jul 11, 2023 07:07:35.23 [7484:7096:0711/070735.235:ERROR:connection_factory_impl.cc(428)] Failed to connect to MCS endpoint with error -106
Jul 11, 2023 07:09:33.15 [12636:3396:0711/070933.151:ERROR:connection_factory_impl.cc(428)] Failed to connect to MCS endpoint with error -106
Jul 11, 2023 07:15:14.37 [11652:14256:0711/071514.378:ERROR:connection_factory_impl.cc(428)] Failed to connect to MCS endpoint with error -106
Jul 11, 2023 07:18:34.64 [8856:8536:0711/071834.643:ERROR:connection_factory_impl.cc(428)] Failed to connect to MCS endpoint with error -106
Jul 11, 2023 07:41:12.77 [3260:12760:0711/074112.778:ERROR:connection_factory_impl.cc(428)] Failed to connect to MCS endpoint with error -106
Jul 11, 2023 07:41:40.08 [3260:12760:0711/074140.085:ERROR:connection_factory_impl.cc(428)] Failed to connect to MCS endpoint with error -106
Jul 11, 2023 07:42:15.31 [13056:10876:0711/074215.310:ERROR:connection_factory_impl.cc(428)] Failed to connect to MCS endpoint with error -106
Jul 11, 2023 07:42:42.26 [13056:10876:0711/074242.265:ERROR:connection_factory_impl.cc(428)] Failed to connect to MCS endpoint with error -106
Jul 11, 2023 07:43:36.39 [13056:10876:0711/074336.392:ERROR:connection_factory_impl.cc(428)] Failed to connect to MCS endpoint with error -106
Jul 11, 2023 07:45:14.95 [13056:10876:0711/074514.954:ERROR:connection_factory_impl.cc(428)] Failed to connect to MCS endpoint with error -106
Jul 11, 2023 07:47:57.06 [13056:10876:0711/074757.065:ERROR:connection_factory_impl.cc(428)] Failed to connect to MCS endpoint with error -106
Jul 11, 2023 07:54:42.19 [13056:10876:0711/075442.194:ERROR:connection_factory_impl.cc(428)] Failed to connect to MCS endpoint with error -106
Jul 11, 2023 07:59:21.88 [7236:11752:0711/075921.884:ERROR:connection_factory_impl.cc(428)] Failed to connect to MCS endpoint with error -106
Jul 11, 2023 07:59:50.47 [7236:11752:0711/075950.471:ERROR:connection_factory_impl.cc(428)] Failed to connect to MCS endpoint with error -106

Jul 11, 2023 09:39:06.79 NEW SESSION
Jul 11, 2023 09:39:06.79 [8520:13580:0711/093906.787:ERROR:connection_factory_impl.cc(428)] Failed to connect to MCS endpoint with error -106
Jul 11, 2023 09:59:34.49 [3716:8728:0711/095934.499:ERROR:connection_factory_impl.cc(428)] Failed to connect to MCS endpoint with error -106

Jul 12, 2023 07:25:55.94 NEW SESSION
Jul 12, 2023 07:25:55.94 [15980:3192:0712/072555.939:ERROR:connection_factory_impl.cc(428)] Failed to connect to MCS endpoint with error -106
Jul 12, 2023 07:26:23.45 [15980:3192:0712/072623.449:ERROR:connection_factory_impl.cc(428)] Failed to connect to MCS endpoint with error -106
Jul 12, 2023 07:27:08.07 [15980:3192:0712/072708.075:ERROR:connection_factory_impl.cc(428)] Failed to connect to MCS endpoint with error -106
Jul 12, 2023 07:28:05.40 [8108:14888:0712/072805.401:ERROR:connection_factory_impl.cc(428)] Failed to connect to MCS endpoint with error -106
Jul 12, 2023 07:28:26.14 [8108:14888:0712/072826.145:ERROR:connection_factory_impl.cc(428)] Failed to connect to MCS endpoint with error -106
Jul 12, 2023 07:30:23.12 [11060:10984:0712/073023.127:ERROR:connection_factory_impl.cc(428)] Failed to connect to MCS endpoint with error -106
Jul 12, 2023 07:56:09.40 [5956:1192:0712/075609.407:ERROR:connection_factory_impl.cc(428)] Failed to connect to MCS endpoint with error -106
Jul 12, 2023 07:56:30.36 [5956:1192:0712/075630.365:ERROR:connection_factory_impl.cc(428)] Failed to connect to MCS endpoint with error -106
Jul 12, 2023 07:57:25.71 [5956:1192:0712/075725.714:ERROR:connection_factory_impl.cc(428)] Failed to connect to MCS endpoint with error -106
Jul 12, 2023 08:00:26.59 [12144:12892:0712/080026.592:ERROR:connection_factory_impl.cc(428)] Failed to connect to MCS endpoint with error -106
Jul 12, 2023 08:00:48.06 [12144:12892:0712/080048.066:ERROR:connection_factory_impl.cc(428)] Failed to connect to MCS endpoint with error -106

Jul 13, 2023 07:21:47.95 NEW SESSION
Jul 13, 2023 07:21:47.95 [3340:16540:0713/072147.948:ERROR:connection_factory_impl.cc(428)] Failed to connect to MCS endpoint with error -106
Jul 13, 2023 07:22:15.16 [3340:16540:0713/072215.168:ERROR:connection_factory_impl.cc(428)] Failed to connect to MCS endpoint with error -106
Jul 13, 2023 07:23:04.78 [3340:16540:0713/072304.784:ERROR:connection_factory_impl.cc(428)] Failed to connect to MCS endpoint with error -106
Jul 13, 2023 07:24:31.62 [3340:16540:0713/072431.620:ERROR:connection_factory_impl.cc(428)] Failed to connect to MCS endpoint with error -106
Jul 13, 2023 07:27:57.96 [3340:16540:0713/072757.969:ERROR:connection_factory_impl.cc(428)] Failed to connect to MCS endpoint with error -106
Jul 13, 2023 07:34:18.31 [3340:16540:0713/073418.309:ERROR:connection_factory_impl.cc(428)] Failed to connect to MCS endpoint with error -106
Jul 13, 2023 07:44:18.32 [3340:16540:0713/074418.323:ERROR:connection_factory_impl.cc(428)] Failed to connect to MCS endpoint with error -106
Jul 13, 2023 07:54:18.33 [3340:16540:0713/075418.339:ERROR:connection_factory_impl.cc(428)] Failed to connect to MCS endpoint with error -106

Jul 14, 2023 06:36:54.11 NEW SESSION
Jul 14, 2023 06:36:54.11 [13072:11420:0714/063654.113:ERROR:connection_factory_impl.cc(428)] Failed to connect to MCS endpoint with error -106
Jul 14, 2023 06:37:16.85 [13072:11420:0714/063716.859:ERROR:connection_factory_impl.cc(428)] Failed to connect to MCS endpoint with error -106
Jul 14, 2023 07:05:16.62 [13568:17928:0714/070516.625:ERROR:connection_factory_impl.cc(428)] Failed to connect to MCS endpoint with error -106
Jul 14, 2023 07:05:41.65 [18268:6924:0714/070541.651:ERROR:connection_factory_impl.cc(428)] Failed to connect to MCS endpoint with error -106
Jul 14, 2023 07:35:12.30 [15356:15644:0714/073512.307:ERROR:connection_factory_impl.cc(428)] Failed to connect to MCS endpoint with error -106
Jul 14, 2023 07:41:00.95 [760:15240:0714/074100.958:ERROR:connection_factory_impl.cc(428)] Failed to connect to MCS endpoint with error -106
Jul 14, 2023 07:41:21.17 [760:15240:0714/074121.175:ERROR:connection_factory_impl.cc(428)] Failed to connect to MCS endpoint with error -106

Jul 14, 2023 19:35:27.42 NEW SESSION
Jul 14, 2023 19:35:27.42 [17676:9248:0714/193527.427:ERROR:connection_factory_impl.cc(471)] ConnectionHandler failed with net error: -2

Oct 14, 2023 13:45:14.19 NEW SESSION
Oct 14, 2023 13:45:14.19 INFO: Created TensorFlow Lite XNNPACK delegate for CPU.
Oct 14, 2023 13:51:33.08 INFO: Created TensorFlow Lite XNNPACK delegate for CPU.
Oct 14, 2023 14:06:29.01 [2420:4796:1014/140629.011:ERROR:connection_factory_impl.cc(428)] Failed to connect to MCS endpoint with error -106
Oct 14, 2023 14:06:54.06 [2420:4796:1014/140654.068:ERROR:connection_factory_impl.cc(428)] Failed to connect to MCS endpoint with error -106
Oct 14, 2023 14:07:46.11 [2420:4796:1014/140746.118:ERROR:connection_factory_impl.cc(428)] Failed to connect to MCS endpoint with error -106
Oct 14, 2023 14:08:26.06 [2420:4796:1014/140826.068:ERROR:connection_factory_impl.cc(428)] Failed to connect to MCS endpoint with error -105
Oct 14, 2023 14:09:13.43 [2420:4796:1014/140913.436:ERROR:connection_factory_impl.cc(428)] Failed to connect to MCS endpoint with error -106
Oct 14, 2023 14:15:33.40 [2420:4796:1014/141533.405:ERROR:connection_factory_impl.cc(428)] Failed to connect to MCS endpoint with error -106
Oct 14, 2023 14:19:14.83 [2420:12712:1014/141914.833:ERROR:device_event_log_impl.cc(225)] [14:19:14.833] USB: usb_service_win.cc:104 SetupDiGetDeviceProperty({{A45C254E-DF1C-4EFD-8020-67D146A850E0}, 6}) failed: Element not found. (0x490)
Oct 14, 2023 14:24:02.26 [2420:4796:1014/142402.266:ERROR:connection_factory_impl.cc(428)] Failed to connect to MCS endpoint with error -106
Oct 14, 2023 14:25:34.19 [2420:4796:1014/142534.197:ERROR:connection_factory_impl.cc(428)] Failed to connect to MCS endpoint with error -105
Oct 14, 2023 14:26:31.21 [2420:4796:1014/142631.214:ERROR:connection_factory_impl.cc(428)] Failed to connect to MCS endpoint with error -106
Oct 14, 2023 14:28:23.11 [2420:4796:1014/142823.113:ERROR:connection_factory_impl.cc(428)] Failed to connect to MCS endpoint with error -106
Oct 14, 2023 14:31:45.30 [2420:4796:1014/143145.307:ERROR:connection_factory_impl.cc(428)] Failed to connect to MCS endpoint with error -106
Oct 14, 2023 14:38:08.31 [2420:4796:1014/143808.312:ERROR:connection_factory_impl.cc(428)] Failed to connect to MCS endpoint with error -106
Oct 14, 2023 14:44:20.81 [2420:4796:1014/144420.812:ERROR:connection_factory_impl.cc(428)] Failed to connect to MCS endpoint with error -105
Oct 14, 2023 14:45:00.14 [2420:4796:1014/144500.144:ERROR:connection_factory_impl.cc(428)] Failed to connect to MCS endpoint with error -105
Oct 16, 2023 22:46:06.46 INFO: Created TensorFlow Lite XNNPACK delegate for CPU.
Oct 16, 2023 23:04:14.95 INFO: Created TensorFlow Lite XNNPACK delegate for CPU.
Oct 16, 2023 23:15:03.92 ERROR: Client requested cancel during Invoke()
